mode: set
github.com/acacio/grpcutil/basicauth.go:32.67,34.2 1 1
github.com/acacio/grpcutil/basicauth.go:37.100,41.2 1 1
github.com/acacio/grpcutil/basicauth.go:44.58,46.2 1 1
github.com/acacio/grpcutil/basicauth.go:49.42,52.2 2 1
github.com/acacio/grpcutil/bearer.go:41.101,45.2 1 1
github.com/acacio/grpcutil/bearer.go:48.52,50.2 1 1
github.com/acacio/grpcutil/bearer.go:53.52,55.2 1 1
github.com/acacio/grpcutil/bearer.go:59.56,60.60 1 1
github.com/acacio/grpcutil/bearer.go:60.60,60.100 1 1
github.com/acacio/grpcutil/bearer.go:64.84,66.9 2 1
github.com/acacio/grpcutil/bearer.go:66.9,69.3 2 1
github.com/acacio/grpcutil/bearer.go:71.2,72.9 2 1
github.com/acacio/grpcutil/bearer.go:72.9,75.3 2 1
github.com/acacio/grpcutil/bearer.go:77.2,77.41 1 1
github.com/acacio/grpcutil/bearer.go:77.41,79.3 1 1
github.com/acacio/grpcutil/bearer.go:81.2,81.53 1 1
github.com/acacio/grpcutil/bearer.go:81.53,83.3 1 1
github.com/acacio/grpcutil/bearer.go:85.2,86.17 2 1
github.com/acacio/grpcutil/client.go:35.101,36.44 1 1
github.com/acacio/grpcutil/client.go:36.44,38.17 2 1
github.com/acacio/grpcutil/client.go:38.17,40.4 1 1
github.com/acacio/grpcutil/client.go:41.3,42.60 2 0
github.com/acacio/grpcutil/client.go:43.8,46.3 1 1
github.com/acacio/grpcutil/client.go:47.2,47.18 1 1
github.com/acacio/grpcutil/client.go:64.79,75.22 3 1
github.com/acacio/grpcutil/client.go:75.22,77.3 1 1
github.com/acacio/grpcutil/client.go:79.2,80.16 2 1
github.com/acacio/grpcutil/client.go:80.16,83.3 2 1
github.com/acacio/grpcutil/client.go:85.2,86.16 2 1
github.com/acacio/grpcutil/client.go:86.16,88.3 1 1
github.com/acacio/grpcutil/client.go:90.2,90.16 1 1
github.com/acacio/grpcutil/client.go:90.16,94.7 4 1
github.com/acacio/grpcutil/client.go:94.7,96.35 2 1
github.com/acacio/grpcutil/client.go:96.35,97.10 1 1
github.com/acacio/grpcutil/client.go:99.4,99.44 1 1
github.com/acacio/grpcutil/client.go:99.44,102.5 2 0
github.com/acacio/grpcutil/client.go:106.2,106.18 1 1
github.com/acacio/grpcutil/grpcweb.go:29.55,33.62 3 1
github.com/acacio/grpcutil/grpcweb.go:33.62,35.3 1 0
github.com/acacio/grpcutil/grpcweb.go:37.2,43.82 3 1
github.com/acacio/grpcutil/listen.go:30.41,32.16 2 1
github.com/acacio/grpcutil/listen.go:32.16,34.3 1 1
github.com/acacio/grpcutil/listen.go:36.2,37.37 2 1
github.com/acacio/grpcutil/listen.go:37.37,39.3 1 1
github.com/acacio/grpcutil/peer.go:29.48,31.9 2 1
github.com/acacio/grpcutil/peer.go:31.9,34.3 2 1
github.com/acacio/grpcutil/peer.go:36.2,36.23 1 1
github.com/acacio/grpcutil/peer.go:36.23,38.3 1 1
github.com/acacio/grpcutil/peer.go:38.8,40.3 1 1
github.com/acacio/grpcutil/peer.go:41.2,41.15 1 1
github.com/acacio/grpcutil/prometheus.go:35.65,39.2 3 1
github.com/acacio/grpcutil/prometheus.go:42.42,48.12 4 1
github.com/acacio/grpcutil/prometheus.go:48.12,51.3 2 1
github.com/acacio/grpcutil/prometheus.go:53.2,53.24 1 1
github.com/acacio/grpcutil/prometheus.go:53.24,56.41 3 1
github.com/acacio/grpcutil/prometheus.go:56.41,59.17 3 0
github.com/acacio/grpcutil/prometheus.go:59.17,63.5 3 0
github.com/acacio/grpcutil/prometheus.go:66.2,66.13 1 1
github.com/acacio/grpcutil/prometheus.go:71.56,75.12 3 1
github.com/acacio/grpcutil/prometheus.go:75.12,78.3 2 1
github.com/acacio/grpcutil/prometheus.go:80.2,81.24 2 1
github.com/acacio/grpcutil/prometheus.go:81.24,84.41 3 1
github.com/acacio/grpcutil/prometheus.go:84.41,88.36 4 0
github.com/acacio/grpcutil/prometheus.go:88.36,93.5 4 0
github.com/acacio/grpcutil/prometheus.go:94.4,94.32 1 0
github.com/acacio/grpcutil/prometheus.go:97.2,97.22 1 1
github.com/acacio/grpcutil/prometheus.go:101.48,102.27 1 1
github.com/acacio/grpcutil/prometheus.go:102.27,103.35 1 1
github.com/acacio/grpcutil/prometheus.go:103.35,105.4 1 1
github.com/acacio/grpcutil/prometheus.go:107.2,107.18 1 1
github.com/acacio/grpcutil/serverauth.go:29.46,32.9 2 1
github.com/acacio/grpcutil/serverauth.go:32.9,35.3 2 1
github.com/acacio/grpcutil/serverauth.go:37.2,38.9 2 1
github.com/acacio/grpcutil/serverauth.go:38.9,41.3 2 1
github.com/acacio/grpcutil/serverauth.go:43.2,44.12 2 1
github.com/acacio/grpcutil/srvopts.go:31.43,39.2 1 1
github.com/acacio/grpcutil/srvopts.go:44.76,56.2 2 1
github.com/acacio/grpcutil/totpauth.go:47.47,49.2 1 1
github.com/acacio/grpcutil/totpauth.go:52.42,56.2 3 1
github.com/acacio/grpcutil/totpauth.go:61.49,65.2 3 1
github.com/acacio/grpcutil/totpauth.go:69.100,71.16 2 1
github.com/acacio/grpcutil/totpauth.go:71.16,73.3 1 1
github.com/acacio/grpcutil/totpauth.go:74.2,76.8 1 1
github.com/acacio/grpcutil/totpauth.go:81.52,83.2 1 1
github.com/acacio/grpcutil/totpauth.go:87.53,89.2 1 1
github.com/acacio/grpcutil/totpauth.go:94.54,95.60 1 1
github.com/acacio/grpcutil/totpauth.go:95.60,97.3 1 1
github.com/acacio/grpcutil/totpauth.go:107.82,109.9 2 1
github.com/acacio/grpcutil/totpauth.go:109.9,112.3 2 1
github.com/acacio/grpcutil/totpauth.go:114.2,115.33 2 1
github.com/acacio/grpcutil/totpauth.go:115.33,118.3 2 1
github.com/acacio/grpcutil/totpauth.go:120.2,120.47 1 1
github.com/acacio/grpcutil/totpauth.go:120.47,122.3 1 1
github.com/acacio/grpcutil/totpauth.go:124.2,125.45 2 1
github.com/acacio/grpcutil/totpauth.go:125.45,126.46 1 1
github.com/acacio/grpcutil/totpauth.go:126.46,129.4 2 1
github.com/acacio/grpcutil/totpauth.go:130.3,131.72 2 1
github.com/acacio/grpcutil/totpauth.go:134.2,135.17 2 1
